<?xml version="1.0" encoding="UTF-8"?>
<!-- Generated by org.testng.reporters.JUnitReportReporter -->
<testsuite skipped="1" hostname="LAPTOP-5K471UKM" name="FrameWORK.ACTI_TC" tests="2" failures="0" timestamp="2020-04-20T14:32:31 IST" time="26.820" errors="1">
  <testcase name="init" time="0.000" classname="FrameWORK.ACTI_TC">
    <skipped/>
  </testcase> <!-- init -->
  <system-out/>
  <testcase name="initialize" time="26.820" classname="FrameWORK.ACTI_TC">
    <error type="org.openqa.selenium.WebDriverException" message="unknown error: Chrome failed to start: exited normally
  (chrome not reachable)
  (The process started from chrome location C:\Program Files (x86)\Google\Chrome\Application\chrome.exe is no longer running, so ChromeDriver is assuming that Chrome has crashed.)
Build info: version: &#039;3.141.59&#039;, revision: &#039;e82be7d358&#039;, time: &#039;2018-11-14T08:25:53&#039;
System info: host: &#039;LAPTOP-5K471UKM&#039;, ip: &#039;192.168.1.4&#039;, os.name: &#039;Windows 10&#039;, os.arch: &#039;amd64&#039;, os.version: &#039;10.0&#039;, java.version: &#039;1.8.0_251&#039;
Driver info: driver.version: ChromeDriver
remote stacktrace: Backtrace:
	Ordinal0 [0x0041A113+1548563]
	Ordinal0 [0x0039DDA1+1039777]
	Ordinal0 [0x0031E485+517253]
	Ordinal0 [0x002ACB98+52120]
	Ordinal0 [0x002CB797+178071]
	Ordinal0 [0x002CB59D+177565]
	Ordinal0 [0x002C95FB+169467]
	Ordinal0 [0x002B160A+71178]
	Ordinal0 [0x002B2690+75408]
	Ordinal0 [0x002B2629+75305]
	Ordinal0 [0x003B71B7+1143223]
	GetHandleVerifier [0x004B2B46+507814]
	GetHandleVerifier [0x004B2864+507076]
	GetHandleVerifier [0x004B9F47+537511]
	GetHandleVerifier [0x004B3402+510050]
	Ordinal0 [0x003AF29C+1110684]
	Ordinal0 [0x003B938B+1151883]
	Ordinal0 [0x003B94F3+1152243]
	Ordinal0 [0x003B83F5+1147893]
	BaseThreadInitThunk [0x76146359+25]
	RtlGetAppContainerNamedObjectPath [0x77CC7C14+228]
	RtlGetAppContainerNamedObjectPath [0x77CC7BE4+180]
">
      <![CDATA[org.openqa.selenium.WebDriverException: unknown error: Chrome failed to start: exited normally
  (chrome not reachable)
  (The process started from chrome location C:\Program Files (x86)\Google\Chrome\Application\chrome.exe is no longer running, so ChromeDriver is assuming that Chrome has crashed.)
Build info: version: '3.141.59', revision: 'e82be7d358', time: '2018-11-14T08:25:53'
System info: host: 'LAPTOP-5K471UKM', ip: '192.168.1.4', os.name: 'Windows 10', os.arch: 'amd64', os.version: '10.0', java.version: '1.8.0_251'
Driver info: driver.version: ChromeDriver
remote stacktrace: Backtrace:
Ordinal0 [0x0041A113+1548563]
Ordinal0 [0x0039DDA1+1039777]
Ordinal0 [0x0031E485+517253]
Ordinal0 [0x002ACB98+52120]
Ordinal0 [0x002CB797+178071]
Ordinal0 [0x002CB59D+177565]
Ordinal0 [0x002C95FB+169467]
Ordinal0 [0x002B160A+71178]
Ordinal0 [0x002B2690+75408]
Ordinal0 [0x002B2629+75305]
Ordinal0 [0x003B71B7+1143223]
GetHandleVerifier [0x004B2B46+507814]
GetHandleVerifier [0x004B2864+507076]
GetHandleVerifier [0x004B9F47+537511]
GetHandleVerifier [0x004B3402+510050]
Ordinal0 [0x003AF29C+1110684]
Ordinal0 [0x003B938B+1151883]
Ordinal0 [0x003B94F3+1152243]
Ordinal0 [0x003B83F5+1147893]
BaseThreadInitThunk [0x76146359+25]
RtlGetAppContainerNamedObjectPath [0x77CC7C14+228]
RtlGetAppContainerNamedObjectPath [0x77CC7BE4+180]

at sun.reflect.NativeConstructorAccessorImpl.newInstance0(Native Method)
at sun.reflect.NativeConstructorAccessorImpl.newInstance(Unknown Source)
at sun.reflect.DelegatingConstructorAccessorImpl.newInstance(Unknown Source)
at java.lang.reflect.Constructor.newInstance(Unknown Source)
at org.openqa.selenium.remote.W3CHandshakeResponse.lambda$errorHandler$0(W3CHandshakeResponse.java:62)
at org.openqa.selenium.remote.HandshakeResponse.lambda$getResponseFunction$0(HandshakeResponse.java:30)
at org.openqa.selenium.remote.ProtocolHandshake.lambda$createSession$0(ProtocolHandshake.java:126)
at java.util.stream.ReferencePipeline$3$1.accept(Unknown Source)
at java.util.Spliterators$ArraySpliterator.tryAdvance(Unknown Source)
at java.util.stream.ReferencePipeline.forEachWithCancel(Unknown Source)
at java.util.stream.AbstractPipeline.copyIntoWithCancel(Unknown Source)
at java.util.stream.AbstractPipeline.copyInto(Unknown Source)
at java.util.stream.AbstractPipeline.wrapAndCopyInto(Unknown Source)
at java.util.stream.FindOps$FindOp.evaluateSequential(Unknown Source)
at java.util.stream.AbstractPipeline.evaluate(Unknown Source)
at java.util.stream.ReferencePipeline.findFirst(Unknown Source)
at org.openqa.selenium.remote.ProtocolHandshake.createSession(ProtocolHandshake.java:128)
at org.openqa.selenium.remote.ProtocolHandshake.createSession(ProtocolHandshake.java:74)
at org.openqa.selenium.remote.HttpCommandExecutor.execute(HttpCommandExecutor.java:136)
at org.openqa.selenium.remote.service.DriverCommandExecutor.execute(DriverCommandExecutor.java:83)
at org.openqa.selenium.remote.RemoteWebDriver.execute(RemoteWebDriver.java:552)
at org.openqa.selenium.remote.RemoteWebDriver.startSession(RemoteWebDriver.java:213)
at org.openqa.selenium.remote.RemoteWebDriver.<init>(RemoteWebDriver.java:131)
at org.openqa.selenium.chrome.ChromeDriver.<init>(ChromeDriver.java:181)
at org.openqa.selenium.chrome.ChromeDriver.<init>(ChromeDriver.java:168)
at org.openqa.selenium.chrome.ChromeDriver.<init>(ChromeDriver.java:123)
at POM.Home_Pg.initialize(Home_Pg.java:15)
at sun.reflect.NativeMethodAccessorImpl.invoke0(Native Method)
at sun.reflect.NativeMethodAccessorImpl.invoke(Unknown Source)
at sun.reflect.DelegatingMethodAccessorImpl.invoke(Unknown Source)
at java.lang.reflect.Method.invoke(Unknown Source)
at org.testng.internal.MethodInvocationHelper.invokeMethod(MethodInvocationHelper.java:135)
at org.testng.internal.MethodInvocationHelper.invokeMethodConsideringTimeout(MethodInvocationHelper.java:64)
at org.testng.internal.ConfigInvoker.invokeConfigurationMethod(ConfigInvoker.java:364)
at org.testng.internal.ConfigInvoker.invokeConfigurations(ConfigInvoker.java:318)
at org.testng.SuiteRunner.privateRun(SuiteRunner.java:327)
at org.testng.SuiteRunner.run(SuiteRunner.java:286)
at org.testng.SuiteRunnerWorker.runSuite(SuiteRunnerWorker.java:53)
at org.testng.SuiteRunnerWorker.run(SuiteRunnerWorker.java:96)
at org.testng.TestNG.runSuitesSequentially(TestNG.java:1214)
at org.testng.TestNG.runSuitesLocally(TestNG.java:1136)
at org.testng.TestNG.runSuites(TestNG.java:1066)
at org.testng.TestNG.run(TestNG.java:1034)
at org.testng.remote.AbstractRemoteTestNG.run(AbstractRemoteTestNG.java:115)
at org.testng.remote.RemoteTestNG.initAndRun(RemoteTestNG.java:251)
at org.testng.remote.RemoteTestNG.main(RemoteTestNG.java:77)
]]>
    </error>
  </testcase> <!-- initialize -->
  <system-out/>
</testsuite> <!-- FrameWORK.ACTI_TC -->
